c:\users\alexr\source\repos\snake and rabbit\snake and rabbit\x64\release\vc143.pdb
c:\users\alexr\source\repos\snake and rabbit\snake and rabbit\x64\release\.netframework,version=v4.7.2.assemblyattributes.obj
c:\users\alexr\source\repos\snake and rabbit\snake and rabbit\x64\release\statemachine.obj
c:\users\alexr\source\repos\snake and rabbit\snake and rabbit\x64\release\splashstate.obj
c:\users\alexr\source\repos\snake and rabbit\snake and rabbit\x64\release\snake.obj
c:\users\alexr\source\repos\snake and rabbit\snake and rabbit\x64\release\rabbit.obj
c:\users\alexr\source\repos\snake and rabbit\snake and rabbit\x64\release\menustate.obj
c:\users\alexr\source\repos\snake and rabbit\snake and rabbit\x64\release\main.obj
c:\users\alexr\source\repos\snake and rabbit\snake and rabbit\x64\release\inputmanager.obj
c:\users\alexr\source\repos\snake and rabbit\snake and rabbit\x64\release\gameplaystate.obj
c:\users\alexr\source\repos\snake and rabbit\snake and rabbit\x64\release\gameoverstate.obj
c:\users\alexr\source\repos\snake and rabbit\snake and rabbit\x64\release\game.obj
c:\users\alexr\source\repos\snake and rabbit\snake and rabbit\x64\release\assetmanager.obj
c:\users\alexr\source\repos\snake and rabbit\x64\release\snake and rabbit.exe
c:\users\alexr\source\repos\snake and rabbit\x64\release\snake and rabbit.pdb
c:\users\alexr\source\repos\snake and rabbit\snake and rabbit\x64\release\snake and rabbit.tlog\cl.command.1.tlog
c:\users\alexr\source\repos\snake and rabbit\snake and rabbit\x64\release\snake and rabbit.tlog\cl.read.1.tlog
c:\users\alexr\source\repos\snake and rabbit\snake and rabbit\x64\release\snake and rabbit.tlog\cl.write.1.tlog
c:\users\alexr\source\repos\snake and rabbit\snake and rabbit\x64\release\snake and rabbit.tlog\link.command.1.tlog
c:\users\alexr\source\repos\snake and rabbit\snake and rabbit\x64\release\snake and rabbit.tlog\link.read.1.tlog
c:\users\alexr\source\repos\snake and rabbit\snake and rabbit\x64\release\snake and rabbit.tlog\link.write.1.tlog
c:\users\alexr\source\repos\snake and rabbit\snake and rabbit\x64\release\snake and rabbit.tlog\metagen.read.1.tlog
c:\users\alexr\source\repos\snake and rabbit\snake and rabbit\x64\release\snake and rabbit.tlog\metagen.write.1.tlog
